# JRE version: OpenJDK Runtime Environment (21.0.3) (build 21.0.3+-12282718-b509.11)
# Java VM: OpenJDK 64-Bit Server VM (21.0.3+-12282718-b509.11, mixed mode, tiered, compressed oops, compressed class ptrs, g1 gc, windows-amd64)
GC Precious Log:
 CardTable entry size: 512
 Card Set container configuration: InlinePtr #cards 5 size 8 Array Of Cards #cards 12 size 40 Howl #buckets 4 coarsen threshold 1843 Howl Bitmap #cards 512 size 80 coarsen threshold 460 Card regions per heap region 1 cards per card region 2048
 CPUs: 8 total, 8 available
 Memory: 7975M
 Large Page Support: Disabled
 NUMA Support: Disabled
 Compressed Oops: Enabled (32-bit)
 Heap Region Size: 1M
 Heap Min Capacity: 8M
 Heap Initial Capacity: 126M
 Heap Max Capacity: 2G
 Pre-touch: Disabled
 Parallel Workers: 8
 Concurrent Workers: 2
 Concurrent Refinement Workers: 8
 Periodic GC: Disabled
Heap:
 garbage-first heap   total 316416K, used 55109K [0x0000000080000000, 0x0000000100000000)
  region size 1024K, 1 young (1024K), 1 survivors (1024K)
 Metaspace       used 55813K, committed 57152K, reserved 491520K
  class space    used 7443K, committed 8128K, reserved 425984K
GC Heap History (20 events):
Event: 11.317 GC heap after
{Heap after GC invocations=44 (full 0):
 garbage-first heap   total 263168K, used 49804K [0x0000000080000000, 0x0000000100000000)
  region size 1024K, 9 young (9216K), 9 survivors (9216K)
 Metaspace       used 55742K, committed 57088K, reserved 491520K
  class space    used 7435K, committed 8064K, reserved 425984K
}
Event: 11.555 GC heap before
{Heap before GC invocations=44 (full 0):
 garbage-first heap   total 263168K, used 198284K [0x0000000080000000, 0x0000000100000000)
  region size 1024K, 154 young (157696K), 9 survivors (9216K)
 Metaspace       used 55759K, committed 57088K, reserved 491520K
  class space    used 7435K, committed 8064K, reserved 425984K
}
Event: 11.559 GC heap after
{Heap after GC invocations=45 (full 0):
 garbage-first heap   total 263168K, used 50847K [0x0000000080000000, 0x0000000100000000)
  region size 1024K, 9 young (9216K), 9 survivors (9216K)
 Metaspace       used 55759K, committed 57088K, reserved 491520K
  class space    used 7435K, committed 8064K, reserved 425984K
}
Event: 11.796 GC heap before
{Heap before GC invocations=45 (full 0):
 garbage-first heap   total 263168K, used 199327K [0x0000000080000000, 0x0000000100000000)
  region size 1024K, 154 young (157696K), 9 survivors (9216K)
 Metaspace       used 55798K, committed 57152K, reserved 491520K
  class space    used 7443K, committed 8128K, reserved 425984K
}
Event: 11.800 GC heap after
{Heap after GC invocations=46 (full 0):
 garbage-first heap   total 263168K, used 51484K [0x0000000080000000, 0x0000000100000000)
  region size 1024K, 10 young (10240K), 10 survivors (10240K)
 Metaspace       used 55798K, committed 57152K, reserved 491520K
  class space    used 7443K, committed 8128K, reserved 425984K
}
Event: 11.967 GC heap before
{Heap before GC invocations=46 (full 0):
 garbage-first heap   total 263168K, used 198940K [0x0000000080000000, 0x0000000100000000)
  region size 1024K, 154 young (157696K), 10 survivors (10240K)
 Metaspace       used 55798K, committed 57152K, reserved 491520K
  class space    used 7443K, committed 8128K, reserved 425984K
}
Event: 11.972 GC heap after
{Heap after GC invocations=47 (full 0):
 garbage-first heap   total 263168K, used 52331K [0x0000000080000000, 0x0000000100000000)
  region size 1024K, 10 young (10240K), 10 survivors (10240K)
 Metaspace       used 55798K, committed 57152K, reserved 491520K
  class space    used 7443K, committed 8128K, reserved 425984K
}
Event: 12.186 GC heap before
{Heap before GC invocations=47 (full 0):
 garbage-first heap   total 263168K, used 199787K [0x0000000080000000, 0x0000000100000000)
  region size 1024K, 154 young (157696K), 10 survivors (10240K)
 Metaspace       used 55798K, committed 57152K, reserved 491520K
  class space    used 7443K, committed 8128K, reserved 425984K
}
Event: 12.192 GC heap after
{Heap after GC invocations=48 (full 0):
 garbage-first heap   total 263168K, used 53603K [0x0000000080000000, 0x0000000100000000)
  region size 1024K, 11 young (11264K), 11 survivors (11264K)
 Metaspace       used 55798K, committed 57152K, reserved 491520K
  class space    used 7443K, committed 8128K, reserved 425984K
}
Event: 12.397 GC heap before
{Heap before GC invocations=48 (full 0):
 garbage-first heap   total 263168K, used 200035K [0x0000000080000000, 0x0000000100000000)
  region size 1024K, 154 young (157696K), 11 survivors (11264K)
 Metaspace       used 55802K, committed 57152K, reserved 491520K
  class space    used 7443K, committed 8128K, reserved 425984K
}
Event: 12.402 GC heap after
{Heap after GC invocations=49 (full 0):
 garbage-first heap   total 263168K, used 54455K [0x0000000080000000, 0x0000000100000000)
  region size 1024K, 12 young (12288K), 12 survivors (12288K)
 Metaspace       used 55802K, committed 57152K, reserved 491520K
  class space    used 7443K, committed 8128K, reserved 425984K
}
Event: 12.555 GC heap before
{Heap before GC invocations=49 (full 0):
 garbage-first heap   total 263168K, used 199863K [0x0000000080000000, 0x0000000100000000)
  region size 1024K, 154 young (157696K), 12 survivors (12288K)
 Metaspace       used 55804K, committed 57152K, reserved 491520K
  class space    used 7443K, committed 8128K, reserved 425984K
}
Event: 13.575 GC heap after
{Heap after GC invocations=50 (full 0):
 garbage-first heap   total 316416K, used 55705K [0x0000000080000000, 0x0000000100000000)
  region size 1024K, 12 young (12288K), 12 survivors (12288K)
 Metaspace       used 55804K, committed 57152K, reserved 491520K
  class space    used 7443K, committed 8128K, reserved 425984K
}
Event: 13.580 GC heap before
{Heap before GC invocations=50 (full 0):
 garbage-first heap   total 316416K, used 58777K [0x0000000080000000, 0x0000000100000000)
  region size 1024K, 15 young (15360K), 12 survivors (12288K)
 Metaspace       used 55813K, committed 57152K, reserved 491520K
  class space    used 7443K, committed 8128K, reserved 425984K
}
Event: 13.584 GC heap after
{Heap after GC invocations=51 (full 0):
 garbage-first heap   total 316416K, used 56320K [0x0000000080000000, 0x0000000100000000)
  region size 1024K, 2 young (2048K), 2 survivors (2048K)
 Metaspace       used 55813K, committed 57152K, reserved 491520K
  class space    used 7443K, committed 8128K, reserved 425984K
}
Event: 13.601 GC heap before
{Heap before GC invocations=51 (full 0):
 garbage-first heap   total 316416K, used 69632K [0x0000000080000000, 0x0000000100000000)
  region size 1024K, 15 young (15360K), 2 survivors (2048K)
 Metaspace       used 55813K, committed 57152K, reserved 491520K
  class space    used 7443K, committed 8128K, reserved 425984K
}
Event: 13.603 GC heap after
{Heap after GC invocations=52 (full 0):
 garbage-first heap   total 316416K, used 55080K [0x0000000080000000, 0x0000000100000000)
  region size 1024K, 1 young (1024K), 1 survivors (1024K)
 Metaspace       used 55813K, committed 57152K, reserved 491520K
  class space    used 7443K, committed 8128K, reserved 425984K
}
Event: 13.617 GC heap before
{Heap before GC invocations=52 (full 0):
 garbage-first heap   total 316416K, used 68392K [0x0000000080000000, 0x0000000100000000)
  region size 1024K, 15 young (15360K), 1 survivors (1024K)
 Metaspace       used 55813K, committed 57152K, reserved 491520K
  class space    used 7443K, committed 8128K, reserved 425984K
}
Event: 13.619 GC heap after
{Heap after GC invocations=53 (full 0):
 garbage-first heap   total 316416K, used 55138K [0x0000000080000000, 0x0000000100000000)
  region size 1024K, 1 young (1024K), 1 survivors (1024K)
 Metaspace       used 55813K, committed 57152K, reserved 491520K
  class space    used 7443K, committed 8128K, reserved 425984K
}
Event: 13.638 GC heap before
{Heap before GC invocations=53 (full 0):
 garbage-first heap   total 316416K, used 69474K [0x0000000080000000, 0x0000000100000000)
  region size 1024K, 15 young (15360K), 1 survivors (1024K)
 Metaspace       used 55813K, committed 57152K, reserved 491520K
  class space    used 7443K, committed 8128K, reserved 425984K
}

